{"C:\\Users\\Usuario\\Desktop\\credit-risk-engine\\src\\CreditService.js": {"path":"C:\\Users\\Usuario\\Desktop\\credit-risk-engine\\src\\CreditService.js","statementMap":{"0":{"start":{"line":13,"column":4},"end":{"line":15,"column":5}},"1":{"start":{"line":14,"column":6},"end":{"line":14,"column":54}},"2":{"start":{"line":18,"column":4},"end":{"line":24,"column":5}},"3":{"start":{"line":19,"column":6},"end":{"line":23,"column":8}},"4":{"start":{"line":27,"column":4},"end":{"line":33,"column":5}},"5":{"start":{"line":28,"column":6},"end":{"line":32,"column":8}},"6":{"start":{"line":36,"column":27},"end":{"line":36,"column":49}},"7":{"start":{"line":39,"column":18},"end":{"line":39,"column":37}},"8":{"start":{"line":41,"column":4},"end":{"line":47,"column":5}},"9":{"start":{"line":42,"column":6},"end":{"line":46,"column":8}},"10":{"start":{"line":50,"column":4},"end":{"line":54,"column":6}},"11":{"start":{"line":58,"column":0},"end":{"line":58,"column":31}}},"fnMap":{"0":{"name":"(anonymous_0)","decl":{"start":{"line":11,"column":2},"end":{"line":11,"column":3}},"loc":{"start":{"line":11,"column":38},"end":{"line":55,"column":3}},"line":11}},"branchMap":{"0":{"loc":{"start":{"line":13,"column":4},"end":{"line":15,"column":5}},"type":"if","locations":[{"start":{"line":13,"column":4},"end":{"line":15,"column":5}},{"start":{},"end":{}}],"line":13},"1":{"loc":{"start":{"line":13,"column":8},"end":{"line":13,"column":32}},"type":"binary-expr","locations":[{"start":{"line":13,"column":8},"end":{"line":13,"column":17}},{"start":{"line":13,"column":21},"end":{"line":13,"column":32}}],"line":13},"2":{"loc":{"start":{"line":18,"column":4},"end":{"line":24,"column":5}},"type":"if","locations":[{"start":{"line":18,"column":4},"end":{"line":24,"column":5}},{"start":{},"end":{}}],"line":18},"3":{"loc":{"start":{"line":27,"column":4},"end":{"line":33,"column":5}},"type":"if","locations":[{"start":{"line":27,"column":4},"end":{"line":33,"column":5}},{"start":{},"end":{}}],"line":27},"4":{"loc":{"start":{"line":41,"column":4},"end":{"line":47,"column":5}},"type":"if","locations":[{"start":{"line":41,"column":4},"end":{"line":47,"column":5}},{"start":{},"end":{}}],"line":41}},"s":{"0":5,"1":1,"2":4,"3":1,"4":3,"5":1,"6":2,"7":2,"8":2,"9":1,"10":1,"11":1},"f":{"0":5},"b":{"0":[1,4],"1":[5,4],"2":[1,3],"3":[1,2],"4":[1,1]},"_coverageSchema":"1a1c01bbd47fc00a2c39e90264f33305004495a9","hash":"ba2c9a2f11f7dbc9ce6c9c2a405efa4c76b7e4ca"}
}
