TN:
SF:src\database\db.js
FN:7,(anonymous_0)
FN:16,(anonymous_1)
FNF:2
FNH:2
FNDA:1,(anonymous_0)
FNDA:1,(anonymous_1)
DA:1,1
DA:2,1
DA:5,1
DA:7,1
DA:8,1
DA:9,0
DA:11,1
DA:16,1
DA:17,1
DA:29,1
LF:10
LH:9
BRDA:8,0,0,0
BRDA:8,0,1,1
BRF:2
BRH:1
end_of_record
TN:
SF:src\repositories\ProductRepository.js
FN:5,(anonymous_0)
FN:6,(anonymous_1)
FN:8,(anonymous_2)
FN:15,(anonymous_3)
FN:16,(anonymous_4)
FN:17,(anonymous_5)
FN:24,(anonymous_6)
FN:25,(anonymous_7)
FN:26,(anonymous_8)
FN:33,(anonymous_9)
FN:34,(anonymous_10)
FN:35,(anonymous_11)
FN:43,(anonymous_12)
FN:44,(anonymous_13)
FN:45,(anonymous_14)
FNF:15
FNH:12
FNDA:4,(anonymous_0)
FNDA:4,(anonymous_1)
FNDA:4,(anonymous_2)
FNDA:3,(anonymous_3)
FNDA:3,(anonymous_4)
FNDA:3,(anonymous_5)
FNDA:2,(anonymous_6)
FNDA:2,(anonymous_7)
FNDA:2,(anonymous_8)
FNDA:0,(anonymous_9)
FNDA:0,(anonymous_10)
FNDA:0,(anonymous_11)
FNDA:5,(anonymous_12)
FNDA:5,(anonymous_13)
FNDA:5,(anonymous_14)
DA:1,1
DA:6,4
DA:7,4
DA:8,4
DA:9,4
DA:10,4
DA:16,3
DA:17,3
DA:18,3
DA:19,3
DA:25,2
DA:26,2
DA:27,2
DA:28,2
DA:34,0
DA:35,0
DA:36,0
DA:37,0
DA:44,5
DA:45,5
DA:46,5
DA:47,5
DA:53,1
LF:23
LH:19
BRDA:9,0,0,0
BRDA:9,0,1,4
BRDA:18,1,0,0
BRDA:18,1,1,3
BRDA:27,2,0,0
BRDA:27,2,1,2
BRDA:36,3,0,0
BRDA:36,3,1,0
BRDA:46,4,0,0
BRDA:46,4,1,5
BRF:10
BRH:4
end_of_record
TN:
SF:src\services\StockService.js
FN:8,(anonymous_0)
FN:25,(anonymous_1)
FN:58,(anonymous_2)
FN:62,(anonymous_3)
FNF:4
FNH:2
FNDA:5,(anonymous_0)
FNDA:3,(anonymous_1)
FNDA:0,(anonymous_2)
FNDA:0,(anonymous_3)
DA:1,1
DA:10,5
DA:11,1
DA:15,4
DA:16,4
DA:19,4
DA:26,3
DA:28,3
DA:29,0
DA:33,3
DA:34,1
DA:37,2
DA:38,2
DA:41,2
DA:42,2
DA:43,0
DA:44,2
DA:45,1
DA:48,2
DA:59,0
DA:62,0
DA:63,0
DA:66,0
DA:73,1
LF:24
LH:18
BRDA:10,0,0,1
BRDA:10,0,1,4
BRDA:10,1,0,5
BRDA:10,1,1,5
BRDA:10,1,2,4
BRDA:15,2,0,4
BRDA:15,2,1,0
BRDA:28,3,0,0
BRDA:28,3,1,3
BRDA:33,4,0,1
BRDA:33,4,1,2
BRDA:42,5,0,0
BRDA:42,5,1,2
BRDA:44,6,0,1
BRDA:44,6,1,1
BRF:15
BRH:12
end_of_record
